[23-Aug-2025 20:13:09 Europe/Berlin] PHP Error [2]: ini_set(): Session ini settings cannot be changed when a session is active in C:\xampp\htdocs\scolaria\config\error_config.php on line 19
[23-Aug-2025 20:13:09 Europe/Berlin] PHP Error [2]: ini_set(): Session ini settings cannot be changed when a session is active in C:\xampp\htdocs\scolaria\config\error_config.php on line 20
[23-Aug-2025 20:13:09 Europe/Berlin] PHP Error [2]: ini_set(): Session ini settings cannot be changed when a session is active in C:\xampp\htdocs\scolaria\config\error_config.php on line 22
[23-Aug-2025 20:13:11 Europe/Berlin] PHP Error [2]: ini_set(): Session ini settings cannot be changed when a session is active in C:\xampp\htdocs\scolaria\config\error_config.php on line 19
[23-Aug-2025 20:13:11 Europe/Berlin] PHP Error [2]: ini_set(): Session ini settings cannot be changed when a session is active in C:\xampp\htdocs\scolaria\config\error_config.php on line 20
[23-Aug-2025 20:13:11 Europe/Berlin] PHP Error [2]: ini_set(): Session ini settings cannot be changed when a session is active in C:\xampp\htdocs\scolaria\config\error_config.php on line 22
[23-Aug-2025 20:13:46 Europe/Berlin] PHP Error [2]: ini_set(): Session ini settings cannot be changed when a session is active in C:\xampp\htdocs\scolaria\config\error_config.php on line 19
[23-Aug-2025 20:13:46 Europe/Berlin] PHP Error [2]: ini_set(): Session ini settings cannot be changed when a session is active in C:\xampp\htdocs\scolaria\config\error_config.php on line 20
[23-Aug-2025 20:13:46 Europe/Berlin] PHP Error [2]: ini_set(): Session ini settings cannot be changed when a session is active in C:\xampp\htdocs\scolaria\config\error_config.php on line 22
[23-Aug-2025 20:13:47 Europe/Berlin] PHP Error [2]: ini_set(): Session ini settings cannot be changed when a session is active in C:\xampp\htdocs\scolaria\config\error_config.php on line 19
[23-Aug-2025 20:13:47 Europe/Berlin] PHP Error [2]: ini_set(): Session ini settings cannot be changed when a session is active in C:\xampp\htdocs\scolaria\config\error_config.php on line 20
[23-Aug-2025 20:13:47 Europe/Berlin] PHP Error [2]: ini_set(): Session ini settings cannot be changed when a session is active in C:\xampp\htdocs\scolaria\config\error_config.php on line 22
[23-Aug-2025 20:13:47 Europe/Berlin] PHP Error [2]: ini_set(): Session ini settings cannot be changed when a session is active in C:\xampp\htdocs\scolaria\config\error_config.php on line 19
[23-Aug-2025 20:13:47 Europe/Berlin] PHP Error [2]: ini_set(): Session ini settings cannot be changed when a session is active in C:\xampp\htdocs\scolaria\config\error_config.php on line 20
[23-Aug-2025 20:13:47 Europe/Berlin] PHP Error [2]: ini_set(): Session ini settings cannot be changed when a session is active in C:\xampp\htdocs\scolaria\config\error_config.php on line 22
[23-Aug-2025 20:18:39 Europe/Berlin] PHP Error [2]: ini_set(): Session ini settings cannot be changed when a session is active in C:\xampp\htdocs\scolaria\config\error_config.php on line 19
[23-Aug-2025 20:18:39 Europe/Berlin] PHP Error [2]: ini_set(): Session ini settings cannot be changed when a session is active in C:\xampp\htdocs\scolaria\config\error_config.php on line 20
[23-Aug-2025 20:18:39 Europe/Berlin] PHP Error [2]: ini_set(): Session ini settings cannot be changed when a session is active in C:\xampp\htdocs\scolaria\config\error_config.php on line 22
[23-Aug-2025 20:18:40 Europe/Berlin] PHP Error [2]: ini_set(): Session ini settings cannot be changed when a session is active in C:\xampp\htdocs\scolaria\config\error_config.php on line 19
[23-Aug-2025 20:18:40 Europe/Berlin] PHP Error [2]: ini_set(): Session ini settings cannot be changed when a session is active in C:\xampp\htdocs\scolaria\config\error_config.php on line 20
[23-Aug-2025 20:18:40 Europe/Berlin] PHP Error [2]: ini_set(): Session ini settings cannot be changed when a session is active in C:\xampp\htdocs\scolaria\config\error_config.php on line 22
[23-Aug-2025 20:18:58 Europe/Berlin] PHP Error [2]: ini_set(): Session ini settings cannot be changed when a session is active in C:\xampp\htdocs\scolaria\config\error_config.php on line 19
[23-Aug-2025 20:18:58 Europe/Berlin] PHP Error [2]: ini_set(): Session ini settings cannot be changed when a session is active in C:\xampp\htdocs\scolaria\config\error_config.php on line 20
[23-Aug-2025 20:18:58 Europe/Berlin] PHP Error [2]: ini_set(): Session ini settings cannot be changed when a session is active in C:\xampp\htdocs\scolaria\config\error_config.php on line 22
[23-Aug-2025 20:18:59 Europe/Berlin] PHP Error [2]: ini_set(): Session ini settings cannot be changed when a session is active in C:\xampp\htdocs\scolaria\config\error_config.php on line 19
[23-Aug-2025 20:18:59 Europe/Berlin] PHP Error [2]: ini_set(): Session ini settings cannot be changed when a session is active in C:\xampp\htdocs\scolaria\config\error_config.php on line 20
[23-Aug-2025 20:18:59 Europe/Berlin] PHP Error [2]: ini_set(): Session ini settings cannot be changed when a session is active in C:\xampp\htdocs\scolaria\config\error_config.php on line 22
[23-Aug-2025 20:19:49 Europe/Berlin] PHP Error [2]: ini_set(): Session ini settings cannot be changed when a session is active in C:\xampp\htdocs\scolaria\config\error_config.php on line 19
[23-Aug-2025 20:19:49 Europe/Berlin] PHP Error [2]: ini_set(): Session ini settings cannot be changed when a session is active in C:\xampp\htdocs\scolaria\config\error_config.php on line 20
[23-Aug-2025 20:19:49 Europe/Berlin] PHP Error [2]: ini_set(): Session ini settings cannot be changed when a session is active in C:\xampp\htdocs\scolaria\config\error_config.php on line 22
[23-Aug-2025 20:19:49 Europe/Berlin] PHP Error [2]: session_set_cookie_params(): Session cookie parameters cannot be changed when a session is active in C:\xampp\htdocs\scolaria\login.php on line 31
[23-Aug-2025 20:19:49 Europe/Berlin] PHP Error [8]: session_start(): Ignoring session_start() because a session is already active in C:\xampp\htdocs\scolaria\login.php on line 33
[23-Aug-2025 20:19:49 Europe/Berlin] PHP Error [2]: ini_set(): Session ini settings cannot be changed when a session is active in C:\xampp\htdocs\scolaria\config\error_config.php on line 19
[23-Aug-2025 20:19:49 Europe/Berlin] PHP Error [2]: ini_set(): Session ini settings cannot be changed when a session is active in C:\xampp\htdocs\scolaria\config\error_config.php on line 20
[23-Aug-2025 20:19:49 Europe/Berlin] PHP Error [2]: ini_set(): Session ini settings cannot be changed when a session is active in C:\xampp\htdocs\scolaria\config\error_config.php on line 22
[23-Aug-2025 20:19:49 Europe/Berlin] PHP Error [2]: session_set_cookie_params(): Session cookie parameters cannot be changed when a session is active in C:\xampp\htdocs\scolaria\dashboard.php on line 21
[23-Aug-2025 20:19:49 Europe/Berlin] PHP Error [8]: session_start(): Ignoring session_start() because a session is already active in C:\xampp\htdocs\scolaria\dashboard.php on line 23
[23-Aug-2025 20:19:53 Europe/Berlin] PHP Error [2]: ini_set(): Session ini settings cannot be changed when a session is active in C:\xampp\htdocs\scolaria\config\error_config.php on line 19
[23-Aug-2025 20:19:53 Europe/Berlin] PHP Error [2]: ini_set(): Session ini settings cannot be changed when a session is active in C:\xampp\htdocs\scolaria\config\error_config.php on line 20
[23-Aug-2025 20:19:53 Europe/Berlin] PHP Error [2]: ini_set(): Session ini settings cannot be changed when a session is active in C:\xampp\htdocs\scolaria\config\error_config.php on line 22
[23-Aug-2025 20:19:53 Europe/Berlin] PHP Error [2]: ini_set(): Session ini settings cannot be changed when a session is active in C:\xampp\htdocs\scolaria\config\error_config.php on line 19
[23-Aug-2025 20:19:53 Europe/Berlin] PHP Error [2]: ini_set(): Session ini settings cannot be changed when a session is active in C:\xampp\htdocs\scolaria\config\error_config.php on line 20
[23-Aug-2025 20:19:53 Europe/Berlin] PHP Error [2]: ini_set(): Session ini settings cannot be changed when a session is active in C:\xampp\htdocs\scolaria\config\error_config.php on line 22
[23-Aug-2025 20:19:56 Europe/Berlin] PHP Error [2]: ini_set(): Session ini settings cannot be changed when a session is active in C:\xampp\htdocs\scolaria\config\error_config.php on line 19
[23-Aug-2025 20:19:56 Europe/Berlin] PHP Error [2]: ini_set(): Session ini settings cannot be changed when a session is active in C:\xampp\htdocs\scolaria\config\error_config.php on line 20
[23-Aug-2025 20:19:56 Europe/Berlin] PHP Error [2]: ini_set(): Session ini settings cannot be changed when a session is active in C:\xampp\htdocs\scolaria\config\error_config.php on line 22
[23-Aug-2025 20:19:56 Europe/Berlin] PHP Error [2]: session_set_cookie_params(): Session cookie parameters cannot be changed when a session is active in C:\xampp\htdocs\scolaria\dashboard.php on line 21
[23-Aug-2025 20:19:56 Europe/Berlin] PHP Error [8]: session_start(): Ignoring session_start() because a session is already active in C:\xampp\htdocs\scolaria\dashboard.php on line 23
[23-Aug-2025 20:22:57 Europe/Berlin] PHP Error [2]: ini_set(): Session ini settings cannot be changed when a session is active in C:\xampp\htdocs\scolaria\config\error_config.php on line 19
[23-Aug-2025 20:22:57 Europe/Berlin] PHP Error [2]: ini_set(): Session ini settings cannot be changed when a session is active in C:\xampp\htdocs\scolaria\config\error_config.php on line 20
[23-Aug-2025 20:22:57 Europe/Berlin] PHP Error [2]: ini_set(): Session ini settings cannot be changed when a session is active in C:\xampp\htdocs\scolaria\config\error_config.php on line 22
[23-Aug-2025 20:23:56 Europe/Berlin] PHP Error [2]: ini_set(): Session ini settings cannot be changed when a session is active in C:\xampp\htdocs\scolaria\config\error_config.php on line 19
[23-Aug-2025 20:23:56 Europe/Berlin] PHP Error [2]: ini_set(): Session ini settings cannot be changed when a session is active in C:\xampp\htdocs\scolaria\config\error_config.php on line 20
[23-Aug-2025 20:23:56 Europe/Berlin] PHP Error [2]: ini_set(): Session ini settings cannot be changed when a session is active in C:\xampp\htdocs\scolaria\config\error_config.php on line 22
[23-Aug-2025 20:30:26 Europe/Berlin] PHP Error [2]: ini_set(): Session ini settings cannot be changed when a session is active in C:\xampp\htdocs\scolaria\config\error_config.php on line 19
[23-Aug-2025 20:30:26 Europe/Berlin] PHP Error [2]: ini_set(): Session ini settings cannot be changed when a session is active in C:\xampp\htdocs\scolaria\config\error_config.php on line 20
[23-Aug-2025 20:30:26 Europe/Berlin] PHP Error [2]: ini_set(): Session ini settings cannot be changed when a session is active in C:\xampp\htdocs\scolaria\config\error_config.php on line 22
[23-Aug-2025 20:30:26 Europe/Berlin] PHP Error [2]: session_set_cookie_params(): Session cookie parameters cannot be changed when a session is active in C:\xampp\htdocs\scolaria\dashboard.php on line 21
[23-Aug-2025 20:30:26 Europe/Berlin] PHP Error [8]: session_start(): Ignoring session_start() because a session is already active in C:\xampp\htdocs\scolaria\dashboard.php on line 23
